# JRE version: OpenJDK Runtime Environment (8.0_111-b14) (build 1.8.0_111-8u111-b14-2ubuntu0.16.04.2-b14)
# Java VM: OpenJDK 64-Bit Server VM (25.111-b14 mixed mode linux-amd64 compressed oops)
Heap:
 PSYoungGen      total 233472K, used 11761K [0x00000000e0000000, 0x00000000ef980000, 0x0000000100000000)
  eden space 221696K, 0% used [0x00000000e0000000,0x00000000e0000000,0x00000000ed880000)
  from space 11776K, 99% used [0x00000000ed880000,0x00000000ee3fc6c8,0x00000000ee400000)
  to   space 10752K, 0% used [0x00000000ee400000,0x00000000ee400000,0x00000000eee80000)
 ParOldGen       total 62464K, used 24649K [0x00000000a0000000, 0x00000000a3d00000, 0x00000000e0000000)
  object space 62464K, 39% used [0x00000000a0000000,0x00000000a1812738,0x00000000a3d00000)
 Metaspace       used 47582K, capacity 48946K, committed 49024K, reserved 1091584K
  class space    used 6398K, capacity 6715K, committed 6784K, reserved 1048576K
GC Heap History (10 events):
Event: 7.020 GC heap after
Heap after GC invocations=6 (full 1):
 PSYoungGen      total 68608K, used 0K [0x00000000e0000000, 0x00000000e9000000, 0x0000000100000000)
  eden space 63488K, 0% used [0x00000000e0000000,0x00000000e0000000,0x00000000e3e00000)
  from space 5120K, 0% used [0x00000000e3e00000,0x00000000e3e00000,0x00000000e4300000)
  to   space 10240K, 0% used [0x00000000e8600000,0x00000000e8600000,0x00000000e9000000)
 ParOldGen       total 48640K, used 8983K [0x00000000a0000000, 0x00000000a2f80000, 0x00000000e0000000)
  object space 48640K, 18% used [0x00000000a0000000,0x00000000a08c5eb0,0x00000000a2f80000)
 Metaspace       used 20801K, capacity 21184K, committed 21296K, reserved 1067008K
  class space    used 2764K, capacity 2915K, committed 2944K, reserved 1048576K
}
Event: 8.321 GC heap before
{Heap before GC invocations=7 (full 1):
 PSYoungGen      total 68608K, used 63488K [0x00000000e0000000, 0x00000000e9000000, 0x0000000100000000)
  eden space 63488K, 100% used [0x00000000e0000000,0x00000000e3e00000,0x00000000e3e00000)
  from space 5120K, 0% used [0x00000000e3e00000,0x00000000e3e00000,0x00000000e4300000)
  to   space 10240K, 0% used [0x00000000e8600000,0x00000000e8600000,0x00000000e9000000)
 ParOldGen       total 48640K, used 8983K [0x00000000a0000000, 0x00000000a2f80000, 0x00000000e0000000)
  object space 48640K, 18% used [0x00000000a0000000,0x00000000a08c5eb0,0x00000000a2f80000)
 Metaspace       used 25123K, capacity 25634K, committed 25984K, reserved 1071104K
  class space    used 3481K, capacity 3621K, committed 3712K, reserved 1048576K
Event: 8.336 GC heap after
Heap after GC invocations=7 (full 1):
 PSYoungGen      total 126464K, used 6581K [0x00000000e0000000, 0x00000000e8c80000, 0x0000000100000000)
  eden space 119808K, 0% used [0x00000000e0000000,0x00000000e0000000,0x00000000e7500000)
  from space 6656K, 98% used [0x00000000e8600000,0x00000000e8c6d688,0x00000000e8c80000)
  to   space 9728K, 0% used [0x00000000e7980000,0x00000000e7980000,0x00000000e8300000)
 ParOldGen       total 48640K, used 8991K [0x00000000a0000000, 0x00000000a2f80000, 0x00000000e0000000)
  object space 48640K, 18% used [0x00000000a0000000,0x00000000a08c7eb0,0x00000000a2f80000)
 Metaspace       used 25123K, capacity 25634K, committed 25984K, reserved 1071104K
  class space    used 3481K, capacity 3621K, committed 3712K, reserved 1048576K
}
Event: 13.720 GC heap before
{Heap before GC invocations=8 (full 1):
 PSYoungGen      total 126464K, used 126389K [0x00000000e0000000, 0x00000000e8c80000, 0x0000000100000000)
  eden space 119808K, 100% used [0x00000000e0000000,0x00000000e7500000,0x00000000e7500000)
  from space 6656K, 98% used [0x00000000e8600000,0x00000000e8c6d688,0x00000000e8c80000)
  to   space 9728K, 0% used [0x00000000e7980000,0x00000000e7980000,0x00000000e8300000)
 ParOldGen       total 48640K, used 8991K [0x00000000a0000000, 0x00000000a2f80000, 0x00000000e0000000)
  object space 48640K, 18% used [0x00000000a0000000,0x00000000a08c7eb0,0x00000000a2f80000)
 Metaspace       used 30869K, capacity 31544K, committed 32000K, reserved 1077248K
  class space    used 4178K, capacity 4335K, committed 4352K, reserved 1048576K
Event: 13.758 GC heap after
Heap after GC invocations=8 (full 1):
 PSYoungGen      total 134144K, used 9259K [0x00000000e0000000, 0x00000000eee80000, 0x0000000100000000)
  eden space 124416K, 0% used [0x00000000e0000000,0x00000000e0000000,0x00000000e7980000)
  from space 9728K, 95% used [0x00000000e7980000,0x00000000e828adc8,0x00000000e8300000)
  to   space 10752K, 0% used [0x00000000ee400000,0x00000000ee400000,0x00000000eee80000)
 ParOldGen       total 48640K, used 9071K [0x00000000a0000000, 0x00000000a2f80000, 0x00000000e0000000)
  object space 48640K, 18% used [0x00000000a0000000,0x00000000a08dbed8,0x00000000a2f80000)
 Metaspace       used 30869K, capacity 31544K, committed 32000K, reserved 1077248K
  class space    used 4178K, capacity 4335K, committed 4352K, reserved 1048576K
}
Event: 15.414 GC heap before
{Heap before GC invocations=9 (full 1):
 PSYoungGen      total 134144K, used 73568K [0x00000000e0000000, 0x00000000eee80000, 0x0000000100000000)
  eden space 124416K, 51% used [0x00000000e0000000,0x00000000e3ecd240,0x00000000e7980000)
  from space 9728K, 95% used [0x00000000e7980000,0x00000000e828adc8,0x00000000e8300000)
  to   space 10752K, 0% used [0x00000000ee400000,0x00000000ee400000,0x00000000eee80000)
 ParOldGen       total 48640K, used 9071K [0x00000000a0000000, 0x00000000a2f80000, 0x00000000e0000000)
  object space 48640K, 18% used [0x00000000a0000000,0x00000000a08dbed8,0x00000000a2f80000)
 Metaspace       used 34542K, capacity 35214K, committed 35496K, reserved 1079296K
  class space    used 4648K, capacity 4828K, committed 4864K, reserved 1048576K
Event: 15.489 GC heap after
Heap after GC invocations=9 (full 1):
 PSYoungGen      total 232448K, used 9939K [0x00000000e0000000, 0x00000000ef980000, 0x0000000100000000)
  eden space 221696K, 0% used [0x00000000e0000000,0x00000000e0000000,0x00000000ed880000)
  from space 10752K, 92% used [0x00000000ee400000,0x00000000eedb4c18,0x00000000eee80000)
  to   space 11776K, 0% used [0x00000000ed880000,0x00000000ed880000,0x00000000ee400000)
 ParOldGen       total 48640K, used 9079K [0x00000000a0000000, 0x00000000a2f80000, 0x00000000e0000000)
  object space 48640K, 18% used [0x00000000a0000000,0x00000000a08dded8,0x00000000a2f80000)
 Metaspace       used 34542K, capacity 35214K, committed 35496K, reserved 1079296K
  class space    used 4648K, capacity 4828K, committed 4864K, reserved 1048576K
}
Event: 15.489 GC heap before
{Heap before GC invocations=10 (full 2):
 PSYoungGen      total 232448K, used 9939K [0x00000000e0000000, 0x00000000ef980000, 0x0000000100000000)
  eden space 221696K, 0% used [0x00000000e0000000,0x00000000e0000000,0x00000000ed880000)
  from space 10752K, 92% used [0x00000000ee400000,0x00000000eedb4c18,0x00000000eee80000)
  to   space 11776K, 0% used [0x00000000ed880000,0x00000000ed880000,0x00000000ee400000)
 ParOldGen       total 48640K, used 9079K [0x00000000a0000000, 0x00000000a2f80000, 0x00000000e0000000)
  object space 48640K, 18% used [0x00000000a0000000,0x00000000a08dded8,0x00000000a2f80000)
 Metaspace       used 34542K, capacity 35214K, committed 35496K, reserved 1079296K
  class space    used 4648K, capacity 4828K, committed 4864K, reserved 1048576K
Event: 15.592 GC heap after
Heap after GC invocations=10 (full 2):
 PSYoungGen      total 232448K, used 0K [0x00000000e0000000, 0x00000000ef980000, 0x0000000100000000)
  eden space 221696K, 0% used [0x00000000e0000000,0x00000000e0000000,0x00000000ed880000)
  from space 10752K, 0% used [0x00000000ee400000,0x00000000ee400000,0x00000000eee80000)
  to   space 11776K, 0% used [0x00000000ed880000,0x00000000ed880000,0x00000000ee400000)
 ParOldGen       total 62464K, used 16652K [0x00000000a0000000, 0x00000000a3d00000, 0x00000000e0000000)
  object space 62464K, 26% used [0x00000000a0000000,0x00000000a10432b8,0x00000000a3d00000)
 Metaspace       used 34542K, capacity 35214K, committed 35496K, reserved 1079296K
  class space    used 4648K, capacity 4828K, committed 4864K, reserved 1048576K
}
Event: 25.358 GC heap before
{Heap before GC invocations=11 (full 2):
 PSYoungGen      total 232448K, used 221696K [0x00000000e0000000, 0x00000000ef980000, 0x0000000100000000)
  eden space 221696K, 100% used [0x00000000e0000000,0x00000000ed880000,0x00000000ed880000)
  from space 10752K, 0% used [0x00000000ee400000,0x00000000ee400000,0x00000000eee80000)
  to   space 11776K, 0% used [0x00000000ed880000,0x00000000ed880000,0x00000000ee400000)
 ParOldGen       total 62464K, used 16652K [0x00000000a0000000, 0x00000000a3d00000, 0x00000000e0000000)
  object space 62464K, 26% used [0x00000000a0000000,0x00000000a10432b8,0x00000000a3d00000)
 Metaspace       used 47582K, capacity 48946K, committed 49024K, reserved 1091584K
  class space    used 6398K, capacity 6715K, committed 6784K, reserved 1048576K

